mode: set
github.com/captaincodeman/deepzoom/deepzoom.go:44.54,51.2 1 1
github.com/captaincodeman/deepzoom/deepzoom.go:55.36,58.2 2 1
github.com/captaincodeman/deepzoom/deepzoom.go:62.36,66.2 3 1
github.com/captaincodeman/deepzoom/deepzoom.go:69.54,73.32 3 1
github.com/captaincodeman/deepzoom/deepzoom.go:77.2,84.19 3 1
github.com/captaincodeman/deepzoom/deepzoom.go:73.32,75.3 1 0
github.com/captaincodeman/deepzoom/deepzoom.go:88.42,90.2 1 0
github.com/captaincodeman/deepzoom/deepzoom.go:94.42,99.2 3 1
github.com/captaincodeman/deepzoom/deepzoom.go:102.41,109.2 4 1
github.com/captaincodeman/deepzoom/deepzoom.go:112.51,114.27 2 1
github.com/captaincodeman/deepzoom/deepzoom.go:117.2,117.27 1 1
github.com/captaincodeman/deepzoom/deepzoom.go:121.2,127.18 2 1
github.com/captaincodeman/deepzoom/deepzoom.go:114.27,116.3 1 0
github.com/captaincodeman/deepzoom/deepzoom.go:117.27,119.3 1 0
github.com/captaincodeman/deepzoom/deepzoom.go:131.40,133.16 2 0
github.com/captaincodeman/deepzoom/deepzoom.go:137.2,140.29 3 0
github.com/captaincodeman/deepzoom/deepzoom.go:133.16,135.3 1 0
github.com/captaincodeman/deepzoom/deepzoom.go:144.35,147.16 3 0
github.com/captaincodeman/deepzoom/deepzoom.go:151.2,151.49 1 0
github.com/captaincodeman/deepzoom/deepzoom.go:161.2,161.16 1 0
github.com/captaincodeman/deepzoom/deepzoom.go:147.16,149.3 1 0
github.com/captaincodeman/deepzoom/deepzoom.go:151.49,152.50 1 0
github.com/captaincodeman/deepzoom/deepzoom.go:152.50,155.53 3 0
github.com/captaincodeman/deepzoom/deepzoom.go:155.53,157.5 1 0
github.com/captaincodeman/deepzoom/deepzoom.go:165.41,171.15 5 1
github.com/captaincodeman/deepzoom/deepzoom.go:174.2,174.15 1 1
github.com/captaincodeman/deepzoom/deepzoom.go:178.2,179.18 2 1
github.com/captaincodeman/deepzoom/deepzoom.go:183.2,183.18 1 1
github.com/captaincodeman/deepzoom/deepzoom.go:187.2,187.35 1 1
github.com/captaincodeman/deepzoom/deepzoom.go:171.15,173.3 1 1
github.com/captaincodeman/deepzoom/deepzoom.go:174.15,176.3 1 1
github.com/captaincodeman/deepzoom/deepzoom.go:179.18,181.3 1 1
github.com/captaincodeman/deepzoom/deepzoom.go:183.18,185.3 1 1
